<?xml version="1.0" encoding="UTF-8"?>
<!-- Generated by org.testng.reporters.JUnitXMLReporter -->
<testsuite ignored="0" hostname="DESKTOP-ABJOE7G" failures="1" tests="2" name="testng" time="33.727" errors="0" timestamp="2023-09-14T11:02:35 GMT-07:00">
  <testcase classname="TestCases.verifySignup" name="signup" time="11.486"/>
  <testcase classname="TestCases.VerifyLogin" name="login" time="0.935">
    <failure type="java.lang.AssertionError" message="The following asserts failed:
	expected [Please check your password. If you still can&amp;apos;t log in, contact your Salesforce administrator.] but found [Please check your username and password. If you still can&amp;apos;t log in, contact your Salesforce administrator.]">
      <![CDATA[java.lang.AssertionError: The following asserts failed:
expected [Please check your password. If you still can't log in, contact your Salesforce administrator.] but found [Please check your username and password. If you still can't log in, contact your Salesforce administrator.]
at Resources.CommonUtilities.handleAssertions(CommonUtilities.java:33)
at TestCases.VerifyLogin.login(VerifyLogin.java:36)
at java.base/java.util.ArrayList.forEach(ArrayList.java:1511)
... Removed 27 stack frames]]>
    </failure>
  </testcase> <!-- login -->
</testsuite> <!-- testng -->
